C:\Users\bryan\Documents\Visual Studio 2010\Projects\PFaceDetect\PFaceDetect\x64\Release\cl.command.1.tlog
C:\Users\bryan\Documents\Visual Studio 2010\Projects\PFaceDetect\PFaceDetect\x64\Release\CL.read.1.tlog
C:\Users\bryan\Documents\Visual Studio 2010\Projects\PFaceDetect\PFaceDetect\x64\Release\CL.write.1.tlog
C:\USERS\BRYAN\DOCUMENTS\VISUAL STUDIO 2010\PROJECTS\PFACEDETECT\PFACEDETECT\X64\RELEASE\DLLMAIN.OBJ
C:\Users\bryan\Documents\Visual Studio 2010\Projects\PFaceDetect\PFaceDetect\x64\Release\link.command.1.tlog
C:\Users\bryan\Documents\Visual Studio 2010\Projects\PFaceDetect\PFaceDetect\x64\Release\link.read.1.tlog
C:\Users\bryan\Documents\Visual Studio 2010\Projects\PFaceDetect\PFaceDetect\x64\Release\link.write.1.tlog
C:\Users\bryan\Documents\Visual Studio 2010\Projects\PFaceDetect\PFaceDetect\x64\Release\mt.command.1.tlog
C:\Users\bryan\Documents\Visual Studio 2010\Projects\PFaceDetect\PFaceDetect\x64\Release\mt.read.1.tlog
C:\Users\bryan\Documents\Visual Studio 2010\Projects\PFaceDetect\PFaceDetect\x64\Release\mt.write.1.tlog
C:\USERS\BRYAN\DOCUMENTS\VISUAL STUDIO 2010\PROJECTS\PFACEDETECT\PFACEDETECT\X64\RELEASE\PFACEDETECT.DLL.INTERMEDIATE.MANIFEST
C:\USERS\BRYAN\DOCUMENTS\VISUAL STUDIO 2010\PROJECTS\PFACEDETECT\PFACEDETECT\X64\RELEASE\PFACEDETECT.OBJ
C:\USERS\BRYAN\DOCUMENTS\VISUAL STUDIO 2010\PROJECTS\PFACEDETECT\PFACEDETECT\X64\RELEASE\PFACEDETECT.PCH
C:\Users\bryan\Documents\Visual Studio 2010\Projects\PFaceDetect\PFaceDetect\x64\Release\PFaceDetect.write.1.tlog
C:\USERS\BRYAN\DOCUMENTS\VISUAL STUDIO 2010\PROJECTS\PFACEDETECT\PFACEDETECT\X64\RELEASE\PFACEDETECT_PFACEDETECT.OBJ
C:\USERS\BRYAN\DOCUMENTS\VISUAL STUDIO 2010\PROJECTS\PFACEDETECT\PFACEDETECT\X64\RELEASE\STDAFX.OBJ
C:\USERS\BRYAN\DOCUMENTS\VISUAL STUDIO 2010\PROJECTS\PFACEDETECT\PFACEDETECT\X64\RELEASE\VCWINDOWS7.1SDK.PDB
C:\USERS\BRYAN\DOCUMENTS\VISUAL STUDIO 2010\PROJECTS\PFACEDETECT\X64\RELEASE\PFACEDETECT.DLL
C:\Users\bryan\Documents\Visual Studio 2010\Projects\PFaceDetect\x64\Release\PFaceDetect.exp
C:\Users\bryan\Documents\Visual Studio 2010\Projects\PFaceDetect\x64\Release\PFaceDetect.lib
C:\USERS\BRYAN\DOCUMENTS\VISUAL STUDIO 2010\PROJECTS\PFACEDETECT\X64\RELEASE\PFACEDETECT.PDB
